<?xml version="1.0" encoding="UTF-8"?>
<!-- Generated by org.testng.reporters.JUnitXMLReporter -->
<testsuite hostname="DESKTOP-E9QUGJ2" ignored="0" name="Default test" tests="3" failures="0" timestamp="2021-04-14T01:14:59 IST" time="110.601" errors="0">
  <testcase name="addToCartFunctionality" time="28.235" classname="testCases.GreenKart"/>
  <testcase name="addToCartFunctionality" time="26.574" classname="testCases.GreenKart"/>
  <testcase name="addToCartFunctionality" time="26.125" classname="testCases.GreenKart"/>
</testsuite> <!-- Default test -->
