<?xml version="1.0" encoding="UTF-8"?>
<!-- Generated by org.testng.reporters.JUnitXMLReporter -->
<testsuite hostname="DESKTOP-E9QUGJ2" ignored="0" name="Default test" tests="4" failures="0" timestamp="2021-04-08T23:27:20 IST" time="110.242" errors="0">
  <testcase name="addAccount" time="15.491" classname="testCases.CreateAccount"/>
  <testcase name="addAccount" time="13.791" classname="testCases.CreateAccount"/>
  <testcase name="addAccount" time="17.156" classname="testCases.CreateAccount"/>
  <testcase name="addAccount" time="13.371" classname="testCases.CreateAccount"/>
</testsuite> <!-- Default test -->
