<?xml version="1.0" encoding="UTF-8"?>
<!-- Generated by org.testng.reporters.JUnitXMLReporter -->
<testsuite ignored="0" hostname="DESKTOP-E9QUGJ2" failures="0" tests="4" name="Test" time="110.163" errors="0" timestamp="2021-04-08T23:30:39 IST">
  <testcase classname="testCases.CreateAccount" name="addAccount" time="15.91"/>
  <testcase classname="testCases.CreateAccount" name="addAccount" time="15.261"/>
  <testcase classname="testCases.CreateAccount" name="addAccount" time="14.378"/>
  <testcase classname="testCases.CreateAccount" name="addAccount" time="14.067"/>
</testsuite> <!-- Test -->
