<?xml version="1.0" encoding="UTF-8"?>
<testsuite xmlns:xsi="http://www.w3.org/2001/XMLSchema-instance" xsi:noNamespaceSchemaLocation="https://maven.apache.org/surefire/maven-surefire-plugin/xsd/surefire-test-report.xsd" name="TestSuite" time="117.188" tests="4" errors="0" skipped="0" failures="0">
  <properties>
[...]
</properties>
  <testcase name="addAccount" classname="testCases.CreateAccount" time="15.914"/>
  <testcase name="addAccount" classname="testCases.CreateAccount" time="15.264"/>
  <testcase name="addAccount" classname="testCases.CreateAccount" time="14.377"/>
  <testcase name="addAccount" classname="testCases.CreateAccount" time="14.066"/>
</testsuite>