<?xml version="1.0" encoding="UTF-8"?>
<testng-results skipped="0" failed="0" ignored="0" total="1" passed="1">
  <reporter-output>
  </reporter-output>
  <suite name="Default suite" duration-ms="33281" started-at="2021-04-09T00:42:42 IST" finished-at="2021-04-09T00:43:15 IST">
    <groups>
    </groups>
    <test name="Default test" duration-ms="33281" started-at="2021-04-09T00:42:42 IST" finished-at="2021-04-09T00:43:15 IST">
      <class name="testCases.CreateAccount">
        <test-method status="PASS" signature="setUpSuite()[pri:0, instance:testCases.CreateAccount@11438d26]" name="setUpSuite" is-config="true" duration-ms="2645" started-at="2021-04-09T00:42:39 IST" finished-at="2021-04-09T00:42:42 IST">
          <reporter-output>
          </reporter-output>
        </test-method> <!-- setUpSuite -->
        <test-method status="PASS" signature="initializeApplication()[pri:0, instance:testCases.CreateAccount@11438d26]" name="initializeApplication" is-config="true" duration-ms="13523" started-at="2021-04-09T00:42:42 IST" finished-at="2021-04-09T00:42:55 IST">
          <reporter-output>
          </reporter-output>
        </test-method> <!-- initializeApplication -->
        <test-method status="PASS" signature="addAccount(java.util.Map)[pri:0, instance:testCases.CreateAccount@11438d26]" name="addAccount" duration-ms="17363" started-at="2021-04-09T00:42:55 IST" data-provider="Data" finished-at="2021-04-09T00:43:13 IST">
          <params>
            <param index="0">
              <value>
                <![CDATA[{First_Name=Puneet, Address_Line1=House No 120, Post_Code=12345, Last_Name=Singh, DOB=28/12/1991, State=New York, Alias=My Home Address, City=New York, Mobile=123456789, Password=Super@123}]]>
              </value>
            </param>
          </params>
          <reporter-output>
          </reporter-output>
        </test-method> <!-- addAccount -->
        <test-method status="PASS" signature="tearDown(org.testng.ITestResult)[pri:0, instance:testCases.CreateAccount@11438d26]" name="tearDown" is-config="true" duration-ms="2291" started-at="2021-04-09T00:43:13 IST" finished-at="2021-04-09T00:43:15 IST">
          <params>
            <param index="0">
              <value>
                <![CDATA[[TestResult name=addAccount status=SUCCESS method=CreateAccount.addAccount(java.util.Map)[pri:0, instance:testCases.CreateAccount@11438d26] output={null}]]]>
              </value>
            </param>
          </params>
          <reporter-output>
          </reporter-output>
        </test-method> <!-- tearDown -->
      </class> <!-- testCases.CreateAccount -->
    </test> <!-- Default test -->
  </suite> <!-- Default suite -->
</testng-results>
